<?xml version="1.0" encoding="UTF-8"?>
<!-- Generated by org.testng.reporters.JUnitReportReporter -->
<testsuite hostname="Saurab-PC" name="com.psl.miainTestNG" tests="3" failures="0" timestamp="25 May 2014 04:26:18 GMT" time="56.152" errors="0">
  <testcase name="switchwin" time="25.304" classname="com.psl.miainTestNG"/>
  <testcase name="readWriteExcel_LOGIN" time="26.432" classname="com.psl.miainTestNG"/>
  <testcase name="alert" time="4.416" classname="com.psl.miainTestNG"/>
</testsuite> <!-- com.psl.miainTestNG -->
